<?xml version="1.0" encoding="UTF-8"?>
<testng-results ignored="0" total="1" passed="1" failed="0" skipped="0">
  <reporter-output>
  </reporter-output>
  <suite started-at="2022-11-08T13:48:59 IST" name="Default suite" finished-at="2022-11-08T13:49:13 IST" duration-ms="14182">
    <groups>
    </groups>
    <test started-at="2022-11-08T13:48:59 IST" name="Default test" finished-at="2022-11-08T13:49:13 IST" duration-ms="14182">
      <class name="com.facebook.testcases.Verifylogin5">
        <test-method signature="verifyvalidlogin()[pri:0, instance:com.facebook.testcases.Verifylogin5@2b91004a]" started-at="2022-11-08T13:48:59 IST" name="verifyvalidlogin" finished-at="2022-11-08T13:49:13 IST" duration-ms="14130" status="PASS">
          <reporter-output>
          </reporter-output>
        </test-method> <!-- verifyvalidlogin -->
      </class> <!-- com.facebook.testcases.Verifylogin5 -->
    </test> <!-- Default test -->
  </suite> <!-- Default suite -->
</testng-results>
